<?xml version="1.0" encoding="UTF-8"?>
<!-- Generated by org.testng.reporters.JUnitReportReporter -->
<testsuite hostname="DESKTOP-VLHT10O" failures="0" tests="1" name="testCases.BaseClass" time="2.762" errors="0" timestamp="2025-03-06T07:52:34 PST" skipped="0">
  <testcase classname="testCases.BaseClass" name="li" time="2.762"/>
</testsuite> <!-- testCases.BaseClass -->
