<?xml version="1.0" encoding="UTF-8"?>
<!-- Generated by org.testng.reporters.JUnitReportReporter -->
<testsuite hostname="DESKTOP-VLHT10O" failures="0" tests="1" name="testCases.sample" time="18.183" errors="0" timestamp="2025-03-06T03:51:44 PST" skipped="0">
  <testcase classname="testCases.sample" name="ln" time="18.183"/>
</testsuite> <!-- testCases.sample -->
