<?xml version="1.0" encoding="UTF-8"?>
<!-- Generated by org.testng.reporters.JUnitReportReporter -->
<testsuite hostname="DESKTOP-VLHT10O" failures="0" tests="4" name="testCases.TC003_LoginDDT" time="37.467" errors="0" timestamp="2025-03-11T09:32:20 PDT" skipped="0">
  <testcase classname="testCases.TC003_LoginDDT" name="DDTTest" time="11.285"/>
  <testcase classname="testCases.TC003_LoginDDT" name="DDTTest" time="2.343"/>
  <testcase classname="testCases.TC003_LoginDDT" name="DDTTest" time="11.944"/>
  <testcase classname="testCases.TC003_LoginDDT" name="DDTTest" time="11.895"/>
</testsuite> <!-- testCases.TC003_LoginDDT -->
