<?xml version="1.0" encoding="UTF-8"?>
<!-- Generated by org.testng.reporters.JUnitReportReporter -->
<testsuite hostname="DESKTOP-VLHT10O" failures="0" tests="1" name="testCases.TC002_LoginTest" time="1.732" errors="0" timestamp="2025-03-13T22:06:43 PDT" skipped="0">
  <testcase classname="testCases.TC002_LoginTest" name="loginTest" time="1.732"/>
</testsuite> <!-- testCases.TC002_LoginTest -->
