<?xml version="1.0" encoding="UTF-8"?>
<!-- Generated by org.testng.reporters.JUnitReportReporter -->
<testsuite hostname="DESKTOP-VLHT10O" failures="0" tests="1" name="testCases.TC002_LoginTest" time="1.748" errors="0" timestamp="2025-03-14T10:59:56 PDT" skipped="0">
  <testcase classname="testCases.TC002_LoginTest" name="loginTest" time="1.748"/>
</testsuite> <!-- testCases.TC002_LoginTest -->
