<?xml version="1.0" encoding="UTF-8"?>
<!-- Generated by org.testng.reporters.JUnitReportReporter -->
<testsuite hostname="DESKTOP-VLHT10O" failures="0" tests="1" name="testCases.TC001_AccountRegistrationTest" time="3.251" errors="0" timestamp="2025-03-14T10:59:56 PDT" skipped="0">
  <testcase classname="testCases.TC001_AccountRegistrationTest" name="registerTest" time="3.251"/>
</testsuite> <!-- testCases.TC001_AccountRegistrationTest -->
