<?xml version="1.0" encoding="UTF-8"?>
<!-- Generated by org.testng.reporters.JUnitReportReporter -->
<testsuite hostname="DESKTOP-VLHT10O" failures="0" tests="1" name="testCases.TC001_AccountRegistrationTest" time="4.131" errors="0" timestamp="2025-03-14T00:43:45 PDT" skipped="0">
  <testcase classname="testCases.TC001_AccountRegistrationTest" name="registerTest" time="4.131"/>
</testsuite> <!-- testCases.TC001_AccountRegistrationTest -->
